<?xml version="1.0" encoding="UTF-8" ?>
<testsuite tests="1" failures="1" name="TestSuite" time="36.428" errors="0" skipped="0">
  <properties>
[...]
</properties>
  <testcase classname="com.org.TestProject.LoginPIKrogerTest" name="loginPIKrogerTest" time="33.67">
    <failure message="Unable to locate element: {&quot;method&quot;:&quot;xpath&quot;,&quot;selector&quot;:&quot;//input[@name=&apos;USER&apos;]&quot;}
Command duration or timeout: 5.73 seconds
For documentation on this error, please visit: http://seleniumhq.org/exceptions/no_such_element.html
Build info: version: &apos;2.47.1&apos;, revision: &apos;unknown&apos;, time: &apos;2015-07-30 11:02:44&apos;
System info: host: &apos;LAPQR-RAJI&apos;, ip: &apos;10.7.0.239&apos;, os.name: &apos;Windows 7&apos;, os.arch: &apos;amd64&apos;, os.version: &apos;6.1&apos;, java.version: &apos;1.8.0_31&apos;
Driver info: org.openqa.selenium.firefox.FirefoxDriver
Capabilities [{applicationCacheEnabled=true, rotatable=false, handlesAlerts=true, databaseEnabled=true, version=40.0.3, platform=WINDOWS, nativeEvents=false, acceptSslCerts=true, webStorageEnabled=true, locationContextEnabled=true, browserName=firefox, takesScreenshot=true, javascriptEnabled=true, cssSelectorsEnabled=true}]
Session ID: ee8f2e04-62b1-4338-99a7-55e245084177
*** Element info: {Using=xpath, value=//input[@name=&apos;USER&apos;]}" type="org.openqa.selenium.NoSuchElementException">org.openqa.selenium.NoSuchElementException: Unable to locate element: {&quot;method&quot;:&quot;xpath&quot;,&quot;selector&quot;:&quot;//input[@name=&apos;USER&apos;]&quot;}
Command duration or timeout: 5.73 seconds
For documentation on this error, please visit: http://seleniumhq.org/exceptions/no_such_element.html
Build info: version: &apos;2.47.1&apos;, revision: &apos;unknown&apos;, time: &apos;2015-07-30 11:02:44&apos;
System info: host: &apos;LAPQR-RAJI&apos;, ip: &apos;10.7.0.239&apos;, os.name: &apos;Windows 7&apos;, os.arch: &apos;amd64&apos;, os.version: &apos;6.1&apos;, java.version: &apos;1.8.0_31&apos;
Driver info: org.openqa.selenium.firefox.FirefoxDriver
Capabilities [{applicationCacheEnabled=true, rotatable=false, handlesAlerts=true, databaseEnabled=true, version=40.0.3, platform=WINDOWS, nativeEvents=false, acceptSslCerts=true, webStorageEnabled=true, locationContextEnabled=true, browserName=firefox, takesScreenshot=true, javascriptEnabled=true, cssSelectorsEnabled=true}]
Session ID: ee8f2e04-62b1-4338-99a7-55e245084177
*** Element info: {Using=xpath, value=//input[@name=&apos;USER&apos;]}
	at sun.reflect.NativeConstructorAccessorImpl.newInstance0(Native Method)
	at sun.reflect.NativeConstructorAccessorImpl.newInstance(NativeConstructorAccessorImpl.java:62)
	at sun.reflect.DelegatingConstructorAccessorImpl.newInstance(DelegatingConstructorAccessorImpl.java:45)
	at java.lang.reflect.Constructor.newInstance(Constructor.java:408)
	at org.openqa.selenium.remote.ErrorHandler.createThrowable(ErrorHandler.java:206)
	at org.openqa.selenium.remote.ErrorHandler.throwIfResponseFailed(ErrorHandler.java:158)
	at org.openqa.selenium.remote.RemoteWebDriver.execute(RemoteWebDriver.java:595)
	at org.openqa.selenium.remote.RemoteWebDriver.findElement(RemoteWebDriver.java:348)
	at org.openqa.selenium.remote.RemoteWebDriver.findElementByXPath(RemoteWebDriver.java:445)
	at org.openqa.selenium.By$ByXPath.findElement(By.java:358)
	at org.openqa.selenium.remote.RemoteWebDriver.findElement(RemoteWebDriver.java:340)
	at com.org.TestProject.LoginPIKroger.loginPIKroger(LoginPIKroger.java:31)
	at com.org.TestProject.LoginPIKrogerTest.loginPIKrogerTest(LoginPIKrogerTest.java:79)
Caused by: org.openqa.selenium.NoSuchElementException: Unable to locate element: {&quot;method&quot;:&quot;xpath&quot;,&quot;selector&quot;:&quot;//input[@name=&apos;USER&apos;]&quot;}
For documentation on this error, please visit: http://seleniumhq.org/exceptions/no_such_element.html
Build info: version: &apos;2.47.1&apos;, revision: &apos;unknown&apos;, time: &apos;2015-07-30 11:02:44&apos;
System info: host: &apos;LAPQR-RAJI&apos;, ip: &apos;10.7.0.239&apos;, os.name: &apos;Windows 7&apos;, os.arch: &apos;amd64&apos;, os.version: &apos;6.1&apos;, java.version: &apos;1.8.0_31&apos;
Driver info: driver.version: unknown
	at &lt;anonymous class&gt;.FirefoxDriver.prototype.findElementInternal_(file:///C:/Users/RKODDH~1/AppData/Local/Temp/anonymous3775935893482087810webdriver-profile/extensions/fxdriver@googlecode.com/components/driver-component.js:10667)
	at &lt;anonymous class&gt;.FirefoxDriver.prototype.findElement(file:///C:/Users/RKODDH~1/AppData/Local/Temp/anonymous3775935893482087810webdriver-profile/extensions/fxdriver@googlecode.com/components/driver-component.js:10676)
	at &lt;anonymous class&gt;.DelayedCommand.prototype.executeInternal_/h(file:///C:/Users/RKODDH~1/AppData/Local/Temp/anonymous3775935893482087810webdriver-profile/extensions/fxdriver@googlecode.com/components/command-processor.js:12643)
	at &lt;anonymous class&gt;.DelayedCommand.prototype.executeInternal_(file:///C:/Users/RKODDH~1/AppData/Local/Temp/anonymous3775935893482087810webdriver-profile/extensions/fxdriver@googlecode.com/components/command-processor.js:12648)
	at &lt;anonymous class&gt;.DelayedCommand.prototype.execute/&lt;(file:///C:/Users/RKODDH~1/AppData/Local/Temp/anonymous3775935893482087810webdriver-profile/extensions/fxdriver@googlecode.com/components/command-processor.js:12590)
</failure>
  </testcase>
</testsuite>