<?xml version="1.0" encoding="UTF-8"?>
<testsuite name="com.org.TestProject.LoginPIKrogerTest" time="105.062" tests="1" errors="0" skipped="0" failures="1">
  <properties>
[...]
</properties>
  <testcase name="loginPIKrogerTest" classname="com.org.TestProject.LoginPIKrogerTest" time="105.062">
    <failure message="Unable to locate element: {&quot;method&quot;:&quot;xpath&quot;,&quot;selector&quot;:&quot;//input[@name=&apos;USER&apos;]&quot;}&#10;Command duration or timeout: 203 milliseconds&#10;For documentation on this error, please visit: http://seleniumhq.org/exceptions/no_such_element.html&#10;Build info: version: &apos;2.47.1&apos;, revision: &apos;unknown&apos;, time: &apos;2015-07-30 11:02:44&apos;&#10;System info: host: &apos;LAPQR-RAJI&apos;, ip: &apos;192.168.1.2&apos;, os.name: &apos;Windows 7&apos;, os.arch: &apos;amd64&apos;, os.version: &apos;6.1&apos;, java.version: &apos;1.8.0_31&apos;&#10;Driver info: org.openqa.selenium.firefox.FirefoxDriver&#10;Capabilities [{applicationCacheEnabled=true, rotatable=false, handlesAlerts=true, databaseEnabled=true, version=40.0.3, platform=WINDOWS, nativeEvents=false, acceptSslCerts=true, webStorageEnabled=true, locationContextEnabled=true, browserName=firefox, takesScreenshot=true, javascriptEnabled=true, cssSelectorsEnabled=true}]&#10;Session ID: e53b9f1a-b2e7-48bd-a6bd-e51e2cc999ed&#10;*** Element info: {Using=xpath, value=//input[@name=&apos;USER&apos;]}" type="org.openqa.selenium.NoSuchElementException"><![CDATA[org.openqa.selenium.NoSuchElementException: Unable to locate element: {"method":"xpath","selector":"//input[@name='USER']"}
Command duration or timeout: 203 milliseconds
For documentation on this error, please visit: http://seleniumhq.org/exceptions/no_such_element.html
Build info: version: '2.47.1', revision: 'unknown', time: '2015-07-30 11:02:44'
System info: host: 'LAPQR-RAJI', ip: '192.168.1.2', os.name: 'Windows 7', os.arch: 'amd64', os.version: '6.1', java.version: '1.8.0_31'
Driver info: org.openqa.selenium.firefox.FirefoxDriver
Capabilities [{applicationCacheEnabled=true, rotatable=false, handlesAlerts=true, databaseEnabled=true, version=40.0.3, platform=WINDOWS, nativeEvents=false, acceptSslCerts=true, webStorageEnabled=true, locationContextEnabled=true, browserName=firefox, takesScreenshot=true, javascriptEnabled=true, cssSelectorsEnabled=true}]
Session ID: e53b9f1a-b2e7-48bd-a6bd-e51e2cc999ed
*** Element info: {Using=xpath, value=//input[@name='USER']}
	at sun.reflect.NativeConstructorAccessorImpl.newInstance0(Native Method)
	at sun.reflect.NativeConstructorAccessorImpl.newInstance(NativeConstructorAccessorImpl.java:62)
	at sun.reflect.DelegatingConstructorAccessorImpl.newInstance(DelegatingConstructorAccessorImpl.java:45)
	at java.lang.reflect.Constructor.newInstance(Constructor.java:408)
	at org.openqa.selenium.remote.ErrorHandler.createThrowable(ErrorHandler.java:206)
	at org.openqa.selenium.remote.ErrorHandler.throwIfResponseFailed(ErrorHandler.java:158)
	at org.openqa.selenium.remote.RemoteWebDriver.execute(RemoteWebDriver.java:595)
	at org.openqa.selenium.remote.RemoteWebDriver.findElement(RemoteWebDriver.java:348)
	at org.openqa.selenium.remote.RemoteWebDriver.findElementByXPath(RemoteWebDriver.java:445)
	at org.openqa.selenium.By$ByXPath.findElement(By.java:358)
	at org.openqa.selenium.remote.RemoteWebDriver.findElement(RemoteWebDriver.java:340)
	at com.org.TestProject.LoginPIKroger.loginPIKroger(LoginPIKroger.java:31)
	at com.org.TestProject.LoginPIKrogerTest.loginPIKrogerTest(LoginPIKrogerTest.java:79)
Caused by: org.openqa.selenium.NoSuchElementException: Unable to locate element: {"method":"xpath","selector":"//input[@name='USER']"}
For documentation on this error, please visit: http://seleniumhq.org/exceptions/no_such_element.html
Build info: version: '2.47.1', revision: 'unknown', time: '2015-07-30 11:02:44'
System info: host: 'LAPQR-RAJI', ip: '192.168.1.2', os.name: 'Windows 7', os.arch: 'amd64', os.version: '6.1', java.version: '1.8.0_31'
Driver info: driver.version: unknown
	at <anonymous class>.FirefoxDriver.prototype.findElementInternal_(file:///C:/Users/RKODDH~1/AppData/Local/Temp/anonymous7627854277570115044webdriver-profile/extensions/fxdriver@googlecode.com/components/driver-component.js:10667)
	at <anonymous class>.FirefoxDriver.prototype.findElement(file:///C:/Users/RKODDH~1/AppData/Local/Temp/anonymous7627854277570115044webdriver-profile/extensions/fxdriver@googlecode.com/components/driver-component.js:10676)
	at <anonymous class>.DelayedCommand.prototype.executeInternal_/h(file:///C:/Users/RKODDH~1/AppData/Local/Temp/anonymous7627854277570115044webdriver-profile/extensions/fxdriver@googlecode.com/components/command-processor.js:12643)
	at <anonymous class>.DelayedCommand.prototype.executeInternal_(file:///C:/Users/RKODDH~1/AppData/Local/Temp/anonymous7627854277570115044webdriver-profile/extensions/fxdriver@googlecode.com/components/command-processor.js:12648)
	at <anonymous class>.DelayedCommand.prototype.execute/<(file:///C:/Users/RKODDH~1/AppData/Local/Temp/anonymous7627854277570115044webdriver-profile/extensions/fxdriver@googlecode.com/components/command-processor.js:12590)
]]></failure>
    <system-out><![CDATA[Configuring TestNG with: TestNGMapConfigurator
]]></system-out>
  </testcase>
</testsuite>